This file contains any messages produced by compilers while
running configure, to aid debugging if configure makes a mistake.

It was created by pdf2svg configure 0.2.1, which was
generated by GNU Autoconf 2.72.  Invocation command line was

  $ ./configure --host=x86_64-w64-mingw32 --build=x86_64-redhat-linux --target=x86_64-w64-mingw32 --prefix=/usr/x86_64-w64-mingw32/sys-root/mingw --exec-prefix=/usr/x86_64-w64-mingw32/sys-root/mingw --bindir=/usr/x86_64-w64-mingw32/sys-root/mingw/bin --sbindir=/usr/x86_64-w64-mingw32/sys-root/mingw/sbin --sysconfdir=/usr/x86_64-w64-mingw32/sys-root/mingw/etc --datadir=/usr/x86_64-w64-mingw32/sys-root/mingw/share --includedir=/usr/x86_64-w64-mingw32/sys-root/mingw/include --libdir=/usr/x86_64-w64-mingw32/sys-root/mingw/lib --libexecdir=/usr/x86_64-w64-mingw32/sys-root/mingw/libexec --localstatedir=/usr/x86_64-w64-mingw32/sys-root/mingw/var --sharedstatedir=/usr/x86_64-w64-mingw32/sys-root/mingw/com --mandir=/usr/x86_64-w64-mingw32/sys-root/mingw/share/man --infodir=/usr/x86_64-w64-mingw32/sys-root/mingw/share/info build_alias=x86_64-redhat-linux host_alias=x86_64-w64-mingw32 target_alias=x86_64-w64-mingw32 CC=x86_64-w64-mingw32-gcc 'CFLAGS= -O2 -g -pipe -Wall -Wp,-D_FORTIFY_SOURCE=2 -fexceptions --param=ssp-buffer-size=4' 'LDFLAGS=-fstack-protector -lssp' CPPFLAGS= PKG_CONFIG=/usr/bin/x86_64-w64-mingw32-pkg-config --no-create --no-recursion

## --------- ##
## Platform. ##
## --------- ##

hostname = 7ee78091a172
uname -m = x86_64
uname -r = 6.10.14-linuxkit
uname -s = Linux
uname -v = #1 SMP PREEMPT_DYNAMIC Tue Apr 15 16:05:22 UTC 2025

/usr/bin/uname -p = unknown
/bin/uname -X     = unknown

/bin/arch              = x86_64
/usr/bin/arch -k       = unknown
/usr/convex/getsysinfo = unknown
/usr/bin/hostinfo      = unknown
/bin/machine           = unknown
/usr/bin/oslevel       = unknown
/bin/universe          = unknown

PATH: /root/.local/bin/
PATH: /root/bin/
PATH: /usr/local/sbin/
PATH: /usr/local/bin/
PATH: /usr/sbin/
PATH: /usr/bin/
PATH: /sbin/
PATH: /bin/


## ----------- ##
## Core tests. ##
## ----------- ##

configure:2137: looking for aux files: compile missing install-sh
configure:2150:  trying ./
configure:2179:   ./compile found
configure:2179:   ./missing found
configure:2161:   ./install-sh found
configure:2310: checking for a BSD-compatible install
configure:2384: result: /usr/bin/install -c
configure:2395: checking whether sleep supports fractional seconds
configure:2411: result: yes
configure:2414: checking filesystem timestamp resolution
configure:2549: result: 0.01
configure:2554: checking whether build environment is sane
configure:2595: result: yes
configure:2640: WARNING: 'missing' script is too old or missing
configure:2661: checking for x86_64-w64-mingw32-strip
configure:2682: found /usr/sbin/x86_64-w64-mingw32-strip
configure:2694: result: x86_64-w64-mingw32-strip
configure:2766: checking for a race-free mkdir -p
configure:2809: result: /usr/sbin/mkdir -p
configure:2816: checking for gawk
configure:2837: found /usr/sbin/gawk
configure:2849: result: gawk
configure:2860: checking whether make sets $(MAKE)
configure:2884: result: yes
configure:2910: checking whether make supports nested variables
configure:2929: result: yes
configure:2943: checking xargs -n works
configure:2959: result: yes
configure:3076: checking for x86_64-w64-mingw32-gcc
configure:3109: result: x86_64-w64-mingw32-gcc
configure:3514: checking for C compiler version
configure:3523: x86_64-w64-mingw32-gcc --version >&5
x86_64-w64-mingw32-gcc (GCC) 14.2.1 20240801 (Fedora MinGW 14.2.1-4.fc42)
Copyright (C) 2024 Free Software Foundation, Inc.
This is free software; see the source for copying conditions.  There is NO
warranty; not even for MERCHANTABILITY or FITNESS FOR A PARTICULAR PURPOSE.

configure:3534: $? = 0
configure:3523: x86_64-w64-mingw32-gcc -v >&5
Using built-in specs.
COLLECT_GCC=x86_64-w64-mingw32-gcc
COLLECT_LTO_WRAPPER=/usr/libexec/gcc/x86_64-w64-mingw32/14.2.1/lto-wrapper
Target: x86_64-w64-mingw32
Configured with: ../configure --prefix=/usr --bindir=/usr/bin --includedir=/usr/include --mandir=/usr/share/man --infodir=/usr/share/info --datadir=/usr/share --build=x86_64-redhat-linux-gnu --host=x86_64-redhat-linux-gnu --with-gnu-as --with-gnu-ld --verbose --without-newlib --disable-multilib --disable-libcc1 --with-system-zlib --disable-nls --without-included-gettext --disable-win32-registry --enable-languages=c,c++,objc,obj-c++,fortran --with-bugurl=http://bugzilla.redhat.com/bugzilla --enable-threads=posix --without-isl --enable-libgomp --target=x86_64-w64-mingw32 --with-sysroot=/usr/x86_64-w64-mingw32/sys-root --with-gxx-include-dir=/usr/x86_64-w64-mingw32/sys-root/mingw/include/c++
Thread model: posix
Supported LTO compression algorithms: zlib
gcc version 14.2.1 20240801 (Fedora MinGW 14.2.1-4.fc42) (GCC) 
configure:3534: $? = 0
configure:3523: x86_64-w64-mingw32-gcc -V >&5
x86_64-w64-mingw32-gcc: error: unrecognized command-line option '-V'
x86_64-w64-mingw32-gcc: fatal error: no input files
compilation terminated.
configure:3534: $? = 1
configure:3523: x86_64-w64-mingw32-gcc -qversion >&5
x86_64-w64-mingw32-gcc: error: unrecognized command-line option '-qversion'; did you mean '--version'?
x86_64-w64-mingw32-gcc: fatal error: no input files
compilation terminated.
configure:3534: $? = 1
configure:3523: x86_64-w64-mingw32-gcc -version >&5
x86_64-w64-mingw32-gcc: error: unrecognized command-line option '-version'
x86_64-w64-mingw32-gcc: fatal error: no input files
compilation terminated.
configure:3534: $? = 1
configure:3554: checking whether the C compiler works
configure:3576: x86_64-w64-mingw32-gcc  -O2 -g -pipe -Wall -Wp,-D_FORTIFY_SOURCE=2 -fexceptions --param=ssp-buffer-size=4  -fstack-protector -lssp conftest.c  >&5
configure:3580: $? = 0
configure:3631: result: yes
configure:3635: checking for C compiler default output file name
configure:3637: result: a.exe
configure:3643: checking for suffix of executables
configure:3650: x86_64-w64-mingw32-gcc -o conftest.exe  -O2 -g -pipe -Wall -Wp,-D_FORTIFY_SOURCE=2 -fexceptions --param=ssp-buffer-size=4  -fstack-protector -lssp conftest.c  >&5
configure:3654: $? = 0
configure:3678: result: .exe
configure:3702: checking whether we are cross compiling
configure:3740: result: yes
configure:3746: checking for suffix of object files
configure:3769: x86_64-w64-mingw32-gcc -c  -O2 -g -pipe -Wall -Wp,-D_FORTIFY_SOURCE=2 -fexceptions --param=ssp-buffer-size=4  conftest.c >&5
configure:3773: $? = 0
configure:3797: result: o
configure:3801: checking whether the compiler supports GNU C
configure:3821: x86_64-w64-mingw32-gcc -c  -O2 -g -pipe -Wall -Wp,-D_FORTIFY_SOURCE=2 -fexceptions --param=ssp-buffer-size=4  conftest.c >&5
configure:3821: $? = 0
configure:3833: result: yes
configure:3844: checking whether x86_64-w64-mingw32-gcc accepts -g
configure:3865: x86_64-w64-mingw32-gcc -c -g  conftest.c >&5
configure:3865: $? = 0
configure:3912: result: yes
configure:3932: checking for x86_64-w64-mingw32-gcc option to enable C11 features
configure:3947: x86_64-w64-mingw32-gcc  -c  -O2 -g -pipe -Wall -Wp,-D_FORTIFY_SOURCE=2 -fexceptions --param=ssp-buffer-size=4  conftest.c >&5
configure:3947: $? = 0
configure:3966: result: none needed
configure:4090: checking whether x86_64-w64-mingw32-gcc understands -c and -o together
configure:4113: x86_64-w64-mingw32-gcc -c conftest.c -o conftest2.o
configure:4116: $? = 0
configure:4113: x86_64-w64-mingw32-gcc -c conftest.c -o conftest2.o
configure:4116: $? = 0
configure:4129: result: yes
configure:4149: checking whether make supports the include directive
configure:4164: make -f confmf.GNU && cat confinc.out
make[1]: Entering directory '/home/root/pdf2svg-dll'
make[1]: Leaving directory '/home/root/pdf2svg-dll'
this is the am__doit target
configure:4167: $? = 0
configure:4186: result: yes (GNU style)
configure:4212: checking dependency style of x86_64-w64-mingw32-gcc
configure:4325: result: gcc3
configure:4343: checking for an ANSI C-conforming const
configure:4410: x86_64-w64-mingw32-gcc -c  -O2 -g -pipe -Wall -Wp,-D_FORTIFY_SOURCE=2 -fexceptions --param=ssp-buffer-size=4  conftest.c >&5
configure:4410: $? = 0
configure:4420: result: yes
configure:4551: checking pkg-config is at least version 0.9.0
configure:4554: result: yes
configure:4567: checking for cairo >= 1.16
configure:4574: $PKG_CONFIG --exists --print-errors "cairo >= 1.16"
configure:4577: $? = 0
configure:4591: $PKG_CONFIG --exists --print-errors "cairo >= 1.16"
configure:4594: $? = 0
configure:4652: result: yes
configure:4659: checking for poppler-glib >= 0.5.4
configure:4666: $PKG_CONFIG --exists --print-errors "poppler-glib >= 0.5.4"
configure:4669: $? = 0
configure:4683: $PKG_CONFIG --exists --print-errors "poppler-glib >= 0.5.4"
configure:4686: $? = 0
configure:4744: result: yes
configure:4887: checking that generated files are newer than configure
configure:4893: result: done
configure:4928: creating ./config.status

## ---------------- ##
## Cache variables. ##
## ---------------- ##

ac_cv_c_compiler_gnu=yes
ac_cv_c_const=yes
ac_cv_env_CAIRO_CFLAGS_set=
ac_cv_env_CAIRO_CFLAGS_value=
ac_cv_env_CAIRO_LIBS_set=
ac_cv_env_CAIRO_LIBS_value=
ac_cv_env_CC_set=set
ac_cv_env_CC_value=x86_64-w64-mingw32-gcc
ac_cv_env_CFLAGS_set=set
ac_cv_env_CFLAGS_value=' -O2 -g -pipe -Wall -Wp,-D_FORTIFY_SOURCE=2 -fexceptions --param=ssp-buffer-size=4'
ac_cv_env_CPPFLAGS_set=set
ac_cv_env_CPPFLAGS_value=
ac_cv_env_LDFLAGS_set=set
ac_cv_env_LDFLAGS_value='-fstack-protector -lssp'
ac_cv_env_LIBS_set=
ac_cv_env_LIBS_value=
ac_cv_env_PKG_CONFIG_LIBDIR_set=
ac_cv_env_PKG_CONFIG_LIBDIR_value=
ac_cv_env_PKG_CONFIG_PATH_set=
ac_cv_env_PKG_CONFIG_PATH_value=
ac_cv_env_PKG_CONFIG_set=set
ac_cv_env_PKG_CONFIG_value=/usr/bin/x86_64-w64-mingw32-pkg-config
ac_cv_env_POPPLERGLIB_CFLAGS_set=
ac_cv_env_POPPLERGLIB_CFLAGS_value=
ac_cv_env_POPPLERGLIB_LIBS_set=
ac_cv_env_POPPLERGLIB_LIBS_value=
ac_cv_env_build_alias_set=set
ac_cv_env_build_alias_value=x86_64-redhat-linux
ac_cv_env_host_alias_set=set
ac_cv_env_host_alias_value=x86_64-w64-mingw32
ac_cv_env_target_alias_set=set
ac_cv_env_target_alias_value=x86_64-w64-mingw32
ac_cv_exeext=.exe
ac_cv_objext=o
ac_cv_path_install='/usr/bin/install -c'
ac_cv_path_mkdir=/usr/sbin/mkdir
ac_cv_prog_AWK=gawk
ac_cv_prog_CC=x86_64-w64-mingw32-gcc
ac_cv_prog_STRIP=x86_64-w64-mingw32-strip
ac_cv_prog_cc_c11=
ac_cv_prog_cc_g=yes
ac_cv_prog_cc_stdc=
ac_cv_prog_make_make_set=yes
am_cv_CC_dependencies_compiler_type=gcc3
am_cv_filesystem_timestamp_resolution=0.01
am_cv_make_support_nested_variables=yes
am_cv_prog_cc_c_o=yes
am_cv_sleep_fractional_seconds=yes
am_cv_xargs_n_works=yes
pkg_cv_CAIRO_CFLAGS='-I/usr/x86_64-w64-mingw32/sys-root/mingw/include/cairo -I/usr/x86_64-w64-mingw32/sys-root/mingw/include/freetype2 -I/usr/x86_64-w64-mingw32/sys-root/mingw/include/libpng16 -I/usr/x86_64-w64-mingw32/sys-root/mingw/include/pixman-1'
pkg_cv_CAIRO_LIBS=-lcairo
pkg_cv_POPPLERGLIB_CFLAGS='-I/usr/x86_64-w64-mingw32/sys-root/mingw/include/poppler/glib -I/usr/x86_64-w64-mingw32/sys-root/mingw/include/glib-2.0 -I/usr/x86_64-w64-mingw32/sys-root/mingw/lib/glib-2.0/include -mms-bitfields -I/usr/x86_64-w64-mingw32/sys-root/mingw/include/cairo -I/usr/x86_64-w64-mingw32/sys-root/mingw/include/freetype2 -I/usr/x86_64-w64-mingw32/sys-root/mingw/include/libpng16 -I/usr/x86_64-w64-mingw32/sys-root/mingw/include/pixman-1 -I/usr/x86_64-w64-mingw32/sys-root/mingw/include/poppler'
pkg_cv_POPPLERGLIB_LIBS='-lpoppler-glib -lgobject-2.0 -lglib-2.0 -lintl -lcairo'

## ----------------- ##
## Output variables. ##
## ----------------- ##

ACLOCAL='aclocal-1.17'
AMDEPBACKSLASH='\'
AMDEP_FALSE='#'
AMDEP_TRUE=''
AMTAR='$${TAR-tar}'
AM_BACKSLASH='\'
AM_DEFAULT_V='$(AM_DEFAULT_VERBOSITY)'
AM_DEFAULT_VERBOSITY='1'
AM_V='$(V)'
AUTOCONF='autoconf'
AUTOHEADER='autoheader'
AUTOMAKE='automake-1.17'
AWK='gawk'
CAIRO_CFLAGS='-I/usr/x86_64-w64-mingw32/sys-root/mingw/include/cairo -I/usr/x86_64-w64-mingw32/sys-root/mingw/include/freetype2 -I/usr/x86_64-w64-mingw32/sys-root/mingw/include/libpng16 -I/usr/x86_64-w64-mingw32/sys-root/mingw/include/pixman-1'
CAIRO_LIBS='-lcairo'
CC='x86_64-w64-mingw32-gcc'
CCDEPMODE='depmode=gcc3'
CFLAGS=' -O2 -g -pipe -Wall -Wp,-D_FORTIFY_SOURCE=2 -fexceptions --param=ssp-buffer-size=4'
CPPFLAGS=''
CSCOPE='cscope'
CTAGS='ctags'
CYGPATH_W='echo'
DEFS='-DPACKAGE_NAME=\"pdf2svg\" -DPACKAGE_TARNAME=\"pdf2svg\" -DPACKAGE_VERSION=\"0.2.1\" -DPACKAGE_STRING=\"pdf2svg\ 0.2.1\" -DPACKAGE_BUGREPORT=\"David\ Barton\ \<davebarton@cityinthesky.co.uk\>\" -DPACKAGE_URL=\"\" -DPACKAGE=\"pdf2svg\" -DVERSION=\"0.2.1\"'
DEPDIR='.deps'
ECHO_C=''
ECHO_N='-n'
ECHO_T=''
ETAGS='etags'
EXEEXT='.exe'
INSTALL_DATA='${INSTALL} -m 644'
INSTALL_PROGRAM='${INSTALL}'
INSTALL_SCRIPT='${INSTALL}'
INSTALL_STRIP_PROGRAM='$(install_sh) -c -s'
LDFLAGS='-fstack-protector -lssp'
LIBOBJS=''
LIBS=''
LTLIBOBJS=''
MAKEINFO='makeinfo'
MKDIR_P='/usr/sbin/mkdir -p'
OBJEXT='o'
PACKAGE='pdf2svg'
PACKAGE_BUGREPORT='David Barton <davebarton@cityinthesky.co.uk>'
PACKAGE_NAME='pdf2svg'
PACKAGE_STRING='pdf2svg 0.2.1'
PACKAGE_TARNAME='pdf2svg'
PACKAGE_URL=''
PACKAGE_VERSION='0.2.1'
PATH_SEPARATOR=':'
PKG_CONFIG='/usr/bin/x86_64-w64-mingw32-pkg-config'
PKG_CONFIG_LIBDIR=''
PKG_CONFIG_PATH=''
POPPLERGLIB_CFLAGS='-I/usr/x86_64-w64-mingw32/sys-root/mingw/include/poppler/glib -I/usr/x86_64-w64-mingw32/sys-root/mingw/include/glib-2.0 -I/usr/x86_64-w64-mingw32/sys-root/mingw/lib/glib-2.0/include -mms-bitfields -I/usr/x86_64-w64-mingw32/sys-root/mingw/include/cairo -I/usr/x86_64-w64-mingw32/sys-root/mingw/include/freetype2 -I/usr/x86_64-w64-mingw32/sys-root/mingw/include/libpng16 -I/usr/x86_64-w64-mingw32/sys-root/mingw/include/pixman-1 -I/usr/x86_64-w64-mingw32/sys-root/mingw/include/poppler'
POPPLERGLIB_LIBS='-lpoppler-glib -lgobject-2.0 -lglib-2.0 -lintl -lcairo'
SET_MAKE=''
SHELL='/bin/sh'
STRIP='x86_64-w64-mingw32-strip'
VERSION='0.2.1'
ac_ct_CC=''
am__EXEEXT_FALSE='#'
am__EXEEXT_TRUE=''
am__fastdepCC_FALSE='#'
am__fastdepCC_TRUE=''
am__include='include'
am__isrc=''
am__leading_dot='.'
am__nodep='_no'
am__quote=''
am__rm_f_notfound=''
am__tar='$${TAR-tar} chof - "$$tardir"'
am__untar='$${TAR-tar} xf -'
am__xargs_n='xargs -n'
bindir='/usr/x86_64-w64-mingw32/sys-root/mingw/bin'
build_alias='x86_64-redhat-linux'
datadir='/usr/x86_64-w64-mingw32/sys-root/mingw/share'
datarootdir='${prefix}/share'
docdir='${datarootdir}/doc/${PACKAGE_TARNAME}'
dvidir='${docdir}'
exec_prefix='/usr/x86_64-w64-mingw32/sys-root/mingw'
host_alias='x86_64-w64-mingw32'
htmldir='${docdir}'
includedir='/usr/x86_64-w64-mingw32/sys-root/mingw/include'
infodir='/usr/x86_64-w64-mingw32/sys-root/mingw/share/info'
install_sh='${SHELL} /home/root/pdf2svg-dll/install-sh'
libdir='/usr/x86_64-w64-mingw32/sys-root/mingw/lib'
libexecdir='/usr/x86_64-w64-mingw32/sys-root/mingw/libexec'
localedir='${datarootdir}/locale'
localstatedir='/usr/x86_64-w64-mingw32/sys-root/mingw/var'
mandir='/usr/x86_64-w64-mingw32/sys-root/mingw/share/man'
mkdir_p='$(MKDIR_P)'
oldincludedir='/usr/include'
pdfdir='${docdir}'
prefix='/usr/x86_64-w64-mingw32/sys-root/mingw'
program_transform_name='s,x,x,'
psdir='${docdir}'
runstatedir='${localstatedir}/run'
sbindir='/usr/x86_64-w64-mingw32/sys-root/mingw/sbin'
sharedstatedir='/usr/x86_64-w64-mingw32/sys-root/mingw/com'
sysconfdir='/usr/x86_64-w64-mingw32/sys-root/mingw/etc'
target_alias='x86_64-w64-mingw32'

## ----------- ##
## confdefs.h. ##
## ----------- ##

/* confdefs.h */
#define PACKAGE_NAME "pdf2svg"
#define PACKAGE_TARNAME "pdf2svg"
#define PACKAGE_VERSION "0.2.1"
#define PACKAGE_STRING "pdf2svg 0.2.1"
#define PACKAGE_BUGREPORT "David Barton <davebarton@cityinthesky.co.uk>"
#define PACKAGE_URL ""
#define PACKAGE "pdf2svg"
#define VERSION "0.2.1"

configure: exit 0

## ---------------------- ##
## Running config.status. ##
## ---------------------- ##

This file was extended by pdf2svg config.status 0.2.1, which was
generated by GNU Autoconf 2.72.  Invocation command line was

  CONFIG_FILES    = 
  CONFIG_HEADERS  = 
  CONFIG_LINKS    = 
  CONFIG_COMMANDS = 
  $ ./config.status 

on 7ee78091a172

config.status:785: creating Makefile
config.status:957: executing depfiles commands
config.status:1034: cd .       && sed -e '/# am--include-marker/d' Makefile         | make -f - am--depfiles
make[1]: Entering directory '/home/root/pdf2svg-dll'
make[1]: Leaving directory '/home/root/pdf2svg-dll'
config.status:1039: $? = 0
